2023-10-16T09:50:59.911+05:30  INFO 1844 --- [restartedMain] c.m.demo.feedback.FeedbackApplication    : Starting FeedbackApplication using Java 17.0.6 with PID 1844 (C:\Users\Mridu\Desktop\feedback\feedback\target\classes started by Mridu in C:\Users\Mridu\Desktop\feedback\feedback)
2023-10-16T09:50:59.918+05:30  INFO 1844 --- [restartedMain] c.m.demo.feedback.FeedbackApplication    : No active profile set, falling back to 1 default profile: "default"
2023-10-16T09:50:59.985+05:30  INFO 1844 --- [restartedMain] .e.DevToolsPropertyDefaultsPostProcessor : Devtools property defaults active! Set 'spring.devtools.add-properties' to 'false' to disable
2023-10-16T09:50:59.985+05:30  INFO 1844 --- [restartedMain] .e.DevToolsPropertyDefaultsPostProcessor : For additional web related logging consider setting the 'logging.level.web' property to 'DEBUG'
2023-10-16T09:51:01.067+05:30  INFO 1844 --- [restartedMain] .s.d.r.c.RepositoryConfigurationDelegate : Bootstrapping Spring Data JPA repositories in DEFAULT mode.
2023-10-16T09:51:01.236+05:30  INFO 1844 --- [restartedMain] .s.d.r.c.RepositoryConfigurationDelegate : Finished Spring Data repository scanning in 161 ms. Found 1 JPA repository interfaces.
2023-10-16T09:51:01.503+05:30  INFO 1844 --- [restartedMain] o.s.cloud.context.scope.GenericScope     : BeanFactory id=675d61a8-574f-30f6-a420-a0dece9761e0
2023-10-16T09:51:02.248+05:30  INFO 1844 --- [restartedMain] o.s.b.w.embedded.tomcat.TomcatWebServer  : Tomcat initialized with port(s): 8081 (http)
2023-10-16T09:51:02.261+05:30  INFO 1844 --- [restartedMain] o.apache.catalina.core.StandardService   : Starting service [Tomcat]
2023-10-16T09:51:02.262+05:30  INFO 1844 --- [restartedMain] o.apache.catalina.core.StandardEngine    : Starting Servlet engine: [Apache Tomcat/10.1.13]
2023-10-16T09:51:02.353+05:30  INFO 1844 --- [restartedMain] o.a.c.c.C.[Tomcat].[localhost].[/]       : Initializing Spring embedded WebApplicationContext
2023-10-16T09:51:02.353+05:30  INFO 1844 --- [restartedMain] w.s.c.ServletWebServerApplicationContext : Root WebApplicationContext: initialization completed in 2367 ms
2023-10-16T09:51:02.674+05:30  INFO 1844 --- [restartedMain] o.hibernate.jpa.internal.util.LogHelper  : HHH000204: Processing PersistenceUnitInfo [name: default]
2023-10-16T09:51:02.763+05:30  INFO 1844 --- [restartedMain] org.hibernate.Version                    : HHH000412: Hibernate ORM core version 6.2.9.Final
2023-10-16T09:51:02.766+05:30  INFO 1844 --- [restartedMain] org.hibernate.cfg.Environment            : HHH000406: Using bytecode reflection optimizer
2023-10-16T09:51:02.955+05:30  INFO 1844 --- [restartedMain] o.h.b.i.BytecodeProviderInitiator        : HHH000021: Bytecode provider name : bytebuddy
2023-10-16T09:51:03.120+05:30  INFO 1844 --- [restartedMain] o.s.o.j.p.SpringPersistenceUnitInfo      : No LoadTimeWeaver setup: ignoring JPA class transformer
2023-10-16T09:51:03.146+05:30  INFO 1844 --- [restartedMain] com.zaxxer.hikari.HikariDataSource       : HikariPool-1 - Starting...
2023-10-16T09:51:03.517+05:30  INFO 1844 --- [restartedMain] com.zaxxer.hikari.pool.HikariPool        : HikariPool-1 - Added connection com.mysql.cj.jdbc.ConnectionImpl@26d1bad9
2023-10-16T09:51:03.520+05:30  INFO 1844 --- [restartedMain] com.zaxxer.hikari.HikariDataSource       : HikariPool-1 - Start completed.
2023-10-16T09:51:03.893+05:30  INFO 1844 --- [restartedMain] o.h.b.i.BytecodeProviderInitiator        : HHH000021: Bytecode provider name : bytebuddy
2023-10-16T09:51:04.702+05:30  INFO 1844 --- [restartedMain] o.h.e.t.j.p.i.JtaPlatformInitiator       : HHH000490: Using JtaPlatform implementation: [org.hibernate.engine.transaction.jta.platform.internal.NoJtaPlatform]
2023-10-16T09:51:04.772+05:30  INFO 1844 --- [restartedMain] j.LocalContainerEntityManagerFactoryBean : Initialized JPA EntityManagerFactory for persistence unit 'default'
2023-10-16T09:51:05.174+05:30  WARN 1844 --- [restartedMain] JpaBaseConfiguration$JpaWebConfiguration : spring.jpa.open-in-view is enabled by default. Therefore, database queries may be performed during view rendering. Explicitly configure spring.jpa.open-in-view to disable this warning
2023-10-16T09:51:06.639+05:30  INFO 1844 --- [restartedMain] o.s.cloud.commons.util.InetUtils         : Cannot determine local hostname
2023-10-16T09:51:07.020+05:30  WARN 1844 --- [restartedMain] o.s.b.d.a.OptionalLiveReloadServer       : Unable to start LiveReload server
2023-10-16T09:51:08.153+05:30  INFO 1844 --- [restartedMain] o.s.cloud.commons.util.InetUtils         : Cannot determine local hostname
2023-10-16T09:51:08.167+05:30  INFO 1844 --- [restartedMain] DiscoveryClientOptionalArgsConfiguration : Eureka HTTP Client uses RestTemplate.
2023-10-16T09:51:08.218+05:30  WARN 1844 --- [restartedMain] iguration$LoadBalancerCaffeineWarnLogger : Spring Cloud LoadBalancer is currently working with the default cache. While this cache implementation is useful for development and tests, it's recommended to use Caffeine cache in production.You can switch to using Caffeine cache, by adding it and org.springframework.cache.caffeine.CaffeineCacheManager to the classpath.
2023-10-16T09:51:08.224+05:30  INFO 1844 --- [restartedMain] o.s.b.a.e.web.EndpointLinksResolver      : Exposing 1 endpoint(s) beneath base path '/actuator'
2023-10-16T09:51:08.326+05:30  INFO 1844 --- [restartedMain] o.s.c.n.eureka.InstanceInfoFactory       : Setting initial instance status as: STARTING
2023-10-16T09:51:08.370+05:30  INFO 1844 --- [restartedMain] com.netflix.discovery.DiscoveryClient    : Initializing Eureka in region us-east-1
2023-10-16T09:51:08.375+05:30  INFO 1844 --- [restartedMain] c.n.d.s.r.aws.ConfigClusterResolver      : Resolving eureka endpoints via configuration
2023-10-16T09:51:08.406+05:30  INFO 1844 --- [restartedMain] com.netflix.discovery.DiscoveryClient    : Disable delta property : false
2023-10-16T09:51:08.406+05:30  INFO 1844 --- [restartedMain] com.netflix.discovery.DiscoveryClient    : Single vip registry refresh property : null
2023-10-16T09:51:08.407+05:30  INFO 1844 --- [restartedMain] com.netflix.discovery.DiscoveryClient    : Force full registry fetch : false
2023-10-16T09:51:08.407+05:30  INFO 1844 --- [restartedMain] com.netflix.discovery.DiscoveryClient    : Application is null : false
2023-10-16T09:51:08.407+05:30  INFO 1844 --- [restartedMain] com.netflix.discovery.DiscoveryClient    : Registered Applications size is zero : true
2023-10-16T09:51:08.407+05:30  INFO 1844 --- [restartedMain] com.netflix.discovery.DiscoveryClient    : Application version is -1: true
2023-10-16T09:51:08.407+05:30  INFO 1844 --- [restartedMain] com.netflix.discovery.DiscoveryClient    : Getting all instance registry info from the eureka server
2023-10-16T09:51:08.760+05:30  INFO 1844 --- [restartedMain] com.netflix.discovery.DiscoveryClient    : The response status is 200
2023-10-16T09:51:08.763+05:30  INFO 1844 --- [restartedMain] com.netflix.discovery.DiscoveryClient    : Starting heartbeat executor: renew interval is: 30
2023-10-16T09:51:08.768+05:30  INFO 1844 --- [restartedMain] c.n.discovery.InstanceInfoReplicator     : InstanceInfoReplicator onDemand update allowed rate per min is 4
2023-10-16T09:51:08.772+05:30  INFO 1844 --- [restartedMain] com.netflix.discovery.DiscoveryClient    : Discovery Client initialized at timestamp 1697430068771 with initial instances count: 1
2023-10-16T09:51:08.775+05:30  INFO 1844 --- [restartedMain] o.s.c.n.e.s.EurekaServiceRegistry        : Registering application FEEDBACK with eureka with status UP
2023-10-16T09:51:08.776+05:30  INFO 1844 --- [restartedMain] com.netflix.discovery.DiscoveryClient    : Saw local status change event StatusChangeEvent [timestamp=1697430068776, current=UP, previous=STARTING]
2023-10-16T09:51:08.778+05:30  INFO 1844 --- [DiscoveryClient-InstanceInfoReplicator-0] com.netflix.discovery.DiscoveryClient    : DiscoveryClient_FEEDBACK/localhost:feedback:8081: registering service...
2023-10-16T09:51:08.806+05:30  INFO 1844 --- [restartedMain] o.s.b.w.embedded.tomcat.TomcatWebServer  : Tomcat started on port(s): 8081 (http) with context path ''
2023-10-16T09:51:08.806+05:30  INFO 1844 --- [restartedMain] .s.c.n.e.s.EurekaAutoServiceRegistration : Updating port to 8081
2023-10-16T09:51:08.829+05:30  INFO 1844 --- [DiscoveryClient-InstanceInfoReplicator-0] com.netflix.discovery.DiscoveryClient    : DiscoveryClient_FEEDBACK/localhost:feedback:8081 - registration status: 204
2023-10-16T09:51:09.920+05:30  INFO 1844 --- [restartedMain] o.s.cloud.commons.util.InetUtils         : Cannot determine local hostname
2023-10-16T09:51:09.951+05:30  INFO 1844 --- [restartedMain] c.m.demo.feedback.FeedbackApplication    : Started FeedbackApplication in 11.622 seconds (process running for 12.547)
2023-10-16T09:51:10.927+05:30  INFO 1844 --- [RMI TCP Connection(5)-127.0.0.1] o.a.c.c.C.[Tomcat].[localhost].[/]       : Initializing Spring DispatcherServlet 'dispatcherServlet'
2023-10-16T09:51:10.928+05:30  INFO 1844 --- [RMI TCP Connection(5)-127.0.0.1] o.s.web.servlet.DispatcherServlet        : Initializing Servlet 'dispatcherServlet'
2023-10-16T09:51:10.931+05:30  INFO 1844 --- [RMI TCP Connection(5)-127.0.0.1] o.s.web.servlet.DispatcherServlet        : Completed initialization in 3 ms
2023-10-16T09:52:03.478+05:30  INFO 352 --- [restartedMain] c.m.demo.feedback.FeedbackApplication    : Starting FeedbackApplication using Java 17.0.6 with PID 352 (C:\Users\Mridu\Desktop\feedback\feedback\target\classes started by Mridu in C:\Users\Mridu\Desktop\feedback\feedback)
2023-10-16T09:52:03.482+05:30  INFO 352 --- [restartedMain] c.m.demo.feedback.FeedbackApplication    : No active profile set, falling back to 1 default profile: "default"
2023-10-16T09:52:03.541+05:30  INFO 352 --- [restartedMain] .e.DevToolsPropertyDefaultsPostProcessor : Devtools property defaults active! Set 'spring.devtools.add-properties' to 'false' to disable
2023-10-16T09:52:03.541+05:30  INFO 352 --- [restartedMain] .e.DevToolsPropertyDefaultsPostProcessor : For additional web related logging consider setting the 'logging.level.web' property to 'DEBUG'
2023-10-16T09:52:04.670+05:30  INFO 352 --- [restartedMain] .s.d.r.c.RepositoryConfigurationDelegate : Bootstrapping Spring Data JPA repositories in DEFAULT mode.
2023-10-16T09:52:04.840+05:30  INFO 352 --- [restartedMain] .s.d.r.c.RepositoryConfigurationDelegate : Finished Spring Data repository scanning in 160 ms. Found 1 JPA repository interfaces.
2023-10-16T09:52:05.159+05:30  INFO 352 --- [restartedMain] o.s.cloud.context.scope.GenericScope     : BeanFactory id=675d61a8-574f-30f6-a420-a0dece9761e0
2023-10-16T09:52:05.910+05:30  INFO 352 --- [restartedMain] o.s.b.w.embedded.tomcat.TomcatWebServer  : Tomcat initialized with port(s): 8081 (http)
2023-10-16T09:52:05.921+05:30  INFO 352 --- [restartedMain] o.apache.catalina.core.StandardService   : Starting service [Tomcat]
2023-10-16T09:52:05.921+05:30  INFO 352 --- [restartedMain] o.apache.catalina.core.StandardEngine    : Starting Servlet engine: [Apache Tomcat/10.1.13]
2023-10-16T09:52:06.006+05:30  INFO 352 --- [restartedMain] o.a.c.c.C.[Tomcat].[localhost].[/]       : Initializing Spring embedded WebApplicationContext
2023-10-16T09:52:06.007+05:30  INFO 352 --- [restartedMain] w.s.c.ServletWebServerApplicationContext : Root WebApplicationContext: initialization completed in 2464 ms
2023-10-16T09:52:06.343+05:30  INFO 352 --- [restartedMain] o.hibernate.jpa.internal.util.LogHelper  : HHH000204: Processing PersistenceUnitInfo [name: default]
2023-10-16T09:52:06.401+05:30  INFO 352 --- [restartedMain] org.hibernate.Version                    : HHH000412: Hibernate ORM core version 6.2.9.Final
2023-10-16T09:52:06.403+05:30  INFO 352 --- [restartedMain] org.hibernate.cfg.Environment            : HHH000406: Using bytecode reflection optimizer
2023-10-16T09:52:06.577+05:30  INFO 352 --- [restartedMain] o.h.b.i.BytecodeProviderInitiator        : HHH000021: Bytecode provider name : bytebuddy
2023-10-16T09:52:06.739+05:30  INFO 352 --- [restartedMain] o.s.o.j.p.SpringPersistenceUnitInfo      : No LoadTimeWeaver setup: ignoring JPA class transformer
2023-10-16T09:52:06.761+05:30  INFO 352 --- [restartedMain] com.zaxxer.hikari.HikariDataSource       : HikariPool-1 - Starting...
2023-10-16T09:52:07.079+05:30  INFO 352 --- [restartedMain] com.zaxxer.hikari.pool.HikariPool        : HikariPool-1 - Added connection com.mysql.cj.jdbc.ConnectionImpl@5b6575ee
2023-10-16T09:52:07.082+05:30  INFO 352 --- [restartedMain] com.zaxxer.hikari.HikariDataSource       : HikariPool-1 - Start completed.
2023-10-16T09:52:07.378+05:30  INFO 352 --- [restartedMain] o.h.b.i.BytecodeProviderInitiator        : HHH000021: Bytecode provider name : bytebuddy
2023-10-16T09:52:08.099+05:30  INFO 352 --- [restartedMain] o.h.e.t.j.p.i.JtaPlatformInitiator       : HHH000490: Using JtaPlatform implementation: [org.hibernate.engine.transaction.jta.platform.internal.NoJtaPlatform]
2023-10-16T09:52:08.158+05:30  INFO 352 --- [restartedMain] j.LocalContainerEntityManagerFactoryBean : Initialized JPA EntityManagerFactory for persistence unit 'default'
2023-10-16T09:52:08.582+05:30  WARN 352 --- [restartedMain] JpaBaseConfiguration$JpaWebConfiguration : spring.jpa.open-in-view is enabled by default. Therefore, database queries may be performed during view rendering. Explicitly configure spring.jpa.open-in-view to disable this warning
2023-10-16T09:52:10.117+05:30  INFO 352 --- [restartedMain] o.s.cloud.commons.util.InetUtils         : Cannot determine local hostname
2023-10-16T09:52:10.449+05:30  WARN 352 --- [restartedMain] o.s.b.d.a.OptionalLiveReloadServer       : Unable to start LiveReload server
2023-10-16T09:52:11.576+05:30  INFO 352 --- [restartedMain] o.s.cloud.commons.util.InetUtils         : Cannot determine local hostname
2023-10-16T09:52:11.593+05:30  INFO 352 --- [restartedMain] DiscoveryClientOptionalArgsConfiguration : Eureka HTTP Client uses RestTemplate.
2023-10-16T09:52:11.654+05:30  WARN 352 --- [restartedMain] iguration$LoadBalancerCaffeineWarnLogger : Spring Cloud LoadBalancer is currently working with the default cache. While this cache implementation is useful for development and tests, it's recommended to use Caffeine cache in production.You can switch to using Caffeine cache, by adding it and org.springframework.cache.caffeine.CaffeineCacheManager to the classpath.
2023-10-16T09:52:11.660+05:30  INFO 352 --- [restartedMain] o.s.b.a.e.web.EndpointLinksResolver      : Exposing 1 endpoint(s) beneath base path '/actuator'
2023-10-16T09:52:11.769+05:30  INFO 352 --- [restartedMain] o.s.c.n.eureka.InstanceInfoFactory       : Setting initial instance status as: STARTING
2023-10-16T09:52:11.810+05:30  INFO 352 --- [restartedMain] com.netflix.discovery.DiscoveryClient    : Initializing Eureka in region us-east-1
2023-10-16T09:52:11.819+05:30  INFO 352 --- [restartedMain] c.n.d.s.r.aws.ConfigClusterResolver      : Resolving eureka endpoints via configuration
2023-10-16T09:52:11.846+05:30  INFO 352 --- [restartedMain] com.netflix.discovery.DiscoveryClient    : Disable delta property : false
2023-10-16T09:52:11.846+05:30  INFO 352 --- [restartedMain] com.netflix.discovery.DiscoveryClient    : Single vip registry refresh property : null
2023-10-16T09:52:11.846+05:30  INFO 352 --- [restartedMain] com.netflix.discovery.DiscoveryClient    : Force full registry fetch : false
2023-10-16T09:52:11.846+05:30  INFO 352 --- [restartedMain] com.netflix.discovery.DiscoveryClient    : Application is null : false
2023-10-16T09:52:11.846+05:30  INFO 352 --- [restartedMain] com.netflix.discovery.DiscoveryClient    : Registered Applications size is zero : true
2023-10-16T09:52:11.846+05:30  INFO 352 --- [restartedMain] com.netflix.discovery.DiscoveryClient    : Application version is -1: true
2023-10-16T09:52:11.846+05:30  INFO 352 --- [restartedMain] com.netflix.discovery.DiscoveryClient    : Getting all instance registry info from the eureka server
2023-10-16T09:52:12.207+05:30  INFO 352 --- [restartedMain] com.netflix.discovery.DiscoveryClient    : The response status is 200
2023-10-16T09:52:12.210+05:30  INFO 352 --- [restartedMain] com.netflix.discovery.DiscoveryClient    : Starting heartbeat executor: renew interval is: 30
2023-10-16T09:52:12.213+05:30  INFO 352 --- [restartedMain] c.n.discovery.InstanceInfoReplicator     : InstanceInfoReplicator onDemand update allowed rate per min is 4
2023-10-16T09:52:12.219+05:30  INFO 352 --- [restartedMain] com.netflix.discovery.DiscoveryClient    : Discovery Client initialized at timestamp 1697430132219 with initial instances count: 2
2023-10-16T09:52:12.222+05:30  INFO 352 --- [restartedMain] o.s.c.n.e.s.EurekaServiceRegistry        : Registering application FEEDBACK with eureka with status UP
2023-10-16T09:52:12.222+05:30  INFO 352 --- [restartedMain] com.netflix.discovery.DiscoveryClient    : Saw local status change event StatusChangeEvent [timestamp=1697430132222, current=UP, previous=STARTING]
2023-10-16T09:52:12.224+05:30  INFO 352 --- [DiscoveryClient-InstanceInfoReplicator-0] com.netflix.discovery.DiscoveryClient    : DiscoveryClient_FEEDBACK/localhost:feedback:8081: registering service...
2023-10-16T09:52:12.231+05:30  WARN 352 --- [restartedMain] ConfigServletWebServerApplicationContext : Exception encountered during context initialization - cancelling refresh attempt: org.springframework.context.ApplicationContextException: Failed to start bean 'webServerStartStop'
2023-10-16T09:52:12.237+05:30  INFO 352 --- [restartedMain] j.LocalContainerEntityManagerFactoryBean : Closing JPA EntityManagerFactory for persistence unit 'default'
2023-10-16T09:52:12.242+05:30  INFO 352 --- [restartedMain] com.zaxxer.hikari.HikariDataSource       : HikariPool-1 - Shutdown initiated...
2023-10-16T09:52:12.251+05:30  INFO 352 --- [restartedMain] com.zaxxer.hikari.HikariDataSource       : HikariPool-1 - Shutdown completed.
2023-10-16T09:52:12.253+05:30  INFO 352 --- [restartedMain] com.netflix.discovery.DiscoveryClient    : Shutting down DiscoveryClient ...
2023-10-16T09:52:12.270+05:30  INFO 352 --- [DiscoveryClient-InstanceInfoReplicator-0] com.netflix.discovery.DiscoveryClient    : DiscoveryClient_FEEDBACK/localhost:feedback:8081 - registration status: 204
2023-10-16T09:52:12.271+05:30  INFO 352 --- [restartedMain] com.netflix.discovery.DiscoveryClient    : Unregistering ...
2023-10-16T09:52:12.277+05:30  INFO 352 --- [restartedMain] com.netflix.discovery.DiscoveryClient    : DiscoveryClient_FEEDBACK/localhost:feedback:8081 - deregister  status: 200
2023-10-16T09:52:12.282+05:30  INFO 352 --- [restartedMain] com.netflix.discovery.DiscoveryClient    : Completed shut down of DiscoveryClient
2023-10-16T09:52:12.284+05:30  INFO 352 --- [restartedMain] o.apache.catalina.core.StandardService   : Stopping service [Tomcat]
2023-10-16T09:52:12.307+05:30  INFO 352 --- [restartedMain] .s.b.a.l.ConditionEvaluationReportLogger : 

Error starting ApplicationContext. To display the condition evaluation report re-run your application with 'debug' enabled.
2023-10-16T09:52:12.336+05:30 ERROR 352 --- [restartedMain] o.s.b.d.LoggingFailureAnalysisReporter   : 

***************************
APPLICATION FAILED TO START
***************************

Description:

Web server failed to start. Port 8081 was already in use.

Action:

Identify and stop the process that's listening on port 8081 or configure this application to listen on another port.

2023-10-16T09:52:38.826+05:30  INFO 1844 --- [DiscoveryClient-HeartbeatExecutor-0] com.netflix.discovery.DiscoveryClient    : DiscoveryClient_FEEDBACK/localhost:feedback:8081 - Re-registering apps/FEEDBACK
2023-10-16T09:52:38.826+05:30  INFO 1844 --- [DiscoveryClient-HeartbeatExecutor-0] com.netflix.discovery.DiscoveryClient    : DiscoveryClient_FEEDBACK/localhost:feedback:8081: registering service...
2023-10-16T09:52:38.833+05:30  INFO 1844 --- [DiscoveryClient-HeartbeatExecutor-0] com.netflix.discovery.DiscoveryClient    : DiscoveryClient_FEEDBACK/localhost:feedback:8081 - registration status: 204
2023-10-16T09:56:08.410+05:30  INFO 1844 --- [AsyncResolver-bootstrap-executor-0] c.n.d.s.r.aws.ConfigClusterResolver      : Resolving eureka endpoints via configuration
2023-10-16T10:01:08.424+05:30  INFO 1844 --- [AsyncResolver-bootstrap-executor-0] c.n.d.s.r.aws.ConfigClusterResolver      : Resolving eureka endpoints via configuration
2023-10-16T10:06:08.434+05:30  INFO 1844 --- [AsyncResolver-bootstrap-executor-0] c.n.d.s.r.aws.ConfigClusterResolver      : Resolving eureka endpoints via configuration
2023-10-16T10:11:08.446+05:30  INFO 1844 --- [AsyncResolver-bootstrap-executor-0] c.n.d.s.r.aws.ConfigClusterResolver      : Resolving eureka endpoints via configuration
2023-10-16T10:16:08.452+05:30  INFO 1844 --- [AsyncResolver-bootstrap-executor-0] c.n.d.s.r.aws.ConfigClusterResolver      : Resolving eureka endpoints via configuration
2023-10-16T10:21:08.454+05:30  INFO 1844 --- [AsyncResolver-bootstrap-executor-0] c.n.d.s.r.aws.ConfigClusterResolver      : Resolving eureka endpoints via configuration
2023-10-16T10:26:08.466+05:30  INFO 1844 --- [AsyncResolver-bootstrap-executor-0] c.n.d.s.r.aws.ConfigClusterResolver      : Resolving eureka endpoints via configuration
2023-10-16T10:31:08.469+05:30  INFO 1844 --- [AsyncResolver-bootstrap-executor-0] c.n.d.s.r.aws.ConfigClusterResolver      : Resolving eureka endpoints via configuration
2023-10-16T10:36:08.472+05:30  INFO 1844 --- [AsyncResolver-bootstrap-executor-0] c.n.d.s.r.aws.ConfigClusterResolver      : Resolving eureka endpoints via configuration
2023-10-16T10:41:08.486+05:30  INFO 1844 --- [AsyncResolver-bootstrap-executor-0] c.n.d.s.r.aws.ConfigClusterResolver      : Resolving eureka endpoints via configuration
2023-10-16T10:46:08.491+05:30  INFO 1844 --- [AsyncResolver-bootstrap-executor-0] c.n.d.s.r.aws.ConfigClusterResolver      : Resolving eureka endpoints via configuration
2023-10-16T10:51:08.500+05:30  INFO 1844 --- [AsyncResolver-bootstrap-executor-0] c.n.d.s.r.aws.ConfigClusterResolver      : Resolving eureka endpoints via configuration
2023-10-16T10:56:08.513+05:30  INFO 1844 --- [AsyncResolver-bootstrap-executor-0] c.n.d.s.r.aws.ConfigClusterResolver      : Resolving eureka endpoints via configuration
2023-10-16T11:01:08.517+05:30  INFO 1844 --- [AsyncResolver-bootstrap-executor-0] c.n.d.s.r.aws.ConfigClusterResolver      : Resolving eureka endpoints via configuration
2023-10-16T11:06:08.526+05:30  INFO 1844 --- [AsyncResolver-bootstrap-executor-0] c.n.d.s.r.aws.ConfigClusterResolver      : Resolving eureka endpoints via configuration
2023-10-16T11:11:08.530+05:30  INFO 1844 --- [AsyncResolver-bootstrap-executor-0] c.n.d.s.r.aws.ConfigClusterResolver      : Resolving eureka endpoints via configuration
2023-10-16T11:16:08.543+05:30  INFO 1844 --- [AsyncResolver-bootstrap-executor-0] c.n.d.s.r.aws.ConfigClusterResolver      : Resolving eureka endpoints via configuration
2023-10-16T11:21:09.464+05:30  INFO 1844 --- [AsyncResolver-bootstrap-executor-0] c.n.d.s.r.aws.ConfigClusterResolver      : Resolving eureka endpoints via configuration
2023-10-16T11:26:09.481+05:30  INFO 1844 --- [AsyncResolver-bootstrap-executor-0] c.n.d.s.r.aws.ConfigClusterResolver      : Resolving eureka endpoints via configuration
2023-10-16T11:31:09.493+05:30  INFO 1844 --- [AsyncResolver-bootstrap-executor-0] c.n.d.s.r.aws.ConfigClusterResolver      : Resolving eureka endpoints via configuration
2023-10-16T11:36:09.499+05:30  INFO 1844 --- [AsyncResolver-bootstrap-executor-0] c.n.d.s.r.aws.ConfigClusterResolver      : Resolving eureka endpoints via configuration
2023-10-16T11:41:09.505+05:30  INFO 1844 --- [AsyncResolver-bootstrap-executor-0] c.n.d.s.r.aws.ConfigClusterResolver      : Resolving eureka endpoints via configuration
2023-10-16T11:46:09.514+05:30  INFO 1844 --- [AsyncResolver-bootstrap-executor-0] c.n.d.s.r.aws.ConfigClusterResolver      : Resolving eureka endpoints via configuration
2023-10-16T11:51:09.531+05:30  INFO 1844 --- [AsyncResolver-bootstrap-executor-0] c.n.d.s.r.aws.ConfigClusterResolver      : Resolving eureka endpoints via configuration
2023-10-16T11:53:45.926+05:30  INFO 1844 --- [RMI TCP Connection(158)-127.0.0.1] inMXBeanRegistrar$SpringApplicationAdmin : Application shutdown requested.
2023-10-16T11:53:45.997+05:30  INFO 1844 --- [RMI TCP Connection(158)-127.0.0.1] o.s.c.n.e.s.EurekaServiceRegistry        : Unregistering application FEEDBACK with eureka with status DOWN
2023-10-16T11:53:45.998+05:30  INFO 1844 --- [RMI TCP Connection(158)-127.0.0.1] com.netflix.discovery.DiscoveryClient    : Saw local status change event StatusChangeEvent [timestamp=1697437425998, current=DOWN, previous=UP]
2023-10-16T11:53:45.999+05:30  INFO 1844 --- [DiscoveryClient-InstanceInfoReplicator-0] com.netflix.discovery.DiscoveryClient    : DiscoveryClient_FEEDBACK/localhost:feedback:8081: registering service...
2023-10-16T11:53:46.073+05:30  INFO 1844 --- [DiscoveryClient-InstanceInfoReplicator-0] com.netflix.discovery.DiscoveryClient    : DiscoveryClient_FEEDBACK/localhost:feedback:8081 - registration status: 204
2023-10-16T11:53:46.137+05:30  INFO 1844 --- [RMI TCP Connection(158)-127.0.0.1] o.apache.catalina.core.StandardService   : Stopping service [Tomcat]
2023-10-16T11:53:46.147+05:30  INFO 1844 --- [RMI TCP Connection(158)-127.0.0.1] o.a.c.c.C.[Tomcat].[localhost].[/]       : Destroying Spring FrameworkServlet 'dispatcherServlet'
2023-10-16T11:53:46.223+05:30  INFO 1844 --- [RMI TCP Connection(158)-127.0.0.1] j.LocalContainerEntityManagerFactoryBean : Closing JPA EntityManagerFactory for persistence unit 'default'
2023-10-16T11:53:46.267+05:30  INFO 1844 --- [RMI TCP Connection(158)-127.0.0.1] com.zaxxer.hikari.HikariDataSource       : HikariPool-1 - Shutdown initiated...
2023-10-16T11:53:46.277+05:30  INFO 1844 --- [RMI TCP Connection(158)-127.0.0.1] com.zaxxer.hikari.HikariDataSource       : HikariPool-1 - Shutdown completed.
2023-10-16T11:53:46.280+05:30  INFO 1844 --- [RMI TCP Connection(158)-127.0.0.1] com.netflix.discovery.DiscoveryClient    : Shutting down DiscoveryClient ...
2023-10-16T11:53:49.287+05:30  INFO 1844 --- [RMI TCP Connection(158)-127.0.0.1] com.netflix.discovery.DiscoveryClient    : Unregistering ...
2023-10-16T11:53:49.299+05:30  INFO 1844 --- [RMI TCP Connection(158)-127.0.0.1] com.netflix.discovery.DiscoveryClient    : DiscoveryClient_FEEDBACK/localhost:feedback:8081 - deregister  status: 200
2023-10-16T11:53:49.305+05:30  INFO 1844 --- [RMI TCP Connection(158)-127.0.0.1] com.netflix.discovery.DiscoveryClient    : Completed shut down of DiscoveryClient
